#
# There is insufficient memory for the Java Runtime Environment to continue.
# Native memory allocation (malloc) failed to allocate 360736 bytes for Chunk::new
# Possible reasons:
#   The system is out of physical RAM or swap space
#   In 32 bit mode, the process size limit was hit
# Possible solutions:
#   Reduce memory load on the system
#   Increase physical memory or swap space
#   Check if swap backing store is full
#   Use 64 bit Java on a 64 bit OS
#   Decrease Java heap size (-Xmx/-Xms)
#   Decrease number of Java threads
#   Decrease Java thread stack sizes (-Xss)
#   Set larger code cache with -XX:ReservedCodeCacheSize=
# This output file may be truncated or incomplete.
#
#  Out of Memory Error (allocation.cpp:390), pid=16628, tid=0x0000000000000c98
#
# JRE version: Java(TM) SE Runtime Environment (8.0_161-b12) (build 1.8.0_161-b12)
# Java VM: Java HotSpot(TM) 64-Bit Server VM (25.161-b12 mixed mode windows-amd64 compressed oops)
# Failed to write core dump. Minidumps are not enabled by default on client versions of Windows
#

---------------  T H R E A D  ---------------

Current thread (0x0000000017b5b000):  JavaThread "C2 CompilerThread1" daemon [_thread_in_native, id=3224, stack(0x00000000192b0000,0x00000000193b0000)]

Stack: [0x00000000192b0000,0x00000000193b0000]
[error occurred during error reporting (printing stack bounds), id 0xc0000005]

Native frames: (J=compiled Java code, j=interpreted, Vv=VM code, C=native code)


Current CompileTask:
C2:   2124 1243   !   4       java.net.URL::<init> (543 bytes)


---------------  P R O C E S S  ---------------

Java Threads: ( => current thread )
  0x0000000019700800 JavaThread "background-preinit" [_thread_in_Java, id=4608, stack(0x000000001b5c0000,0x000000001b6c0000)]
  0x000000001a0ee800 JavaThread "restartedMain" [_thread_in_Java, id=2348, stack(0x000000001b4c0000,0x000000001b5c0000)]
  0x000000001a152800 JavaThread "Thread-0" [_thread_blocked, id=16260, stack(0x000000001b3c0000,0x000000001b4c0000)]
  0x00000000194e8800 JavaThread "Service Thread" daemon [_thread_blocked, id=1584, stack(0x00000000198b0000,0x00000000199b0000)]
  0x0000000017b69000 JavaThread "C1 CompilerThread2" daemon [_thread_in_vm, id=11400, stack(0x00000000193b0000,0x00000000194b0000)]
=>0x0000000017b5b000 JavaThread "C2 CompilerThread1" daemon [_thread_in_native, id=3224, stack(0x00000000192b0000,0x00000000193b0000)]
  0x0000000017b55000 JavaThread "C2 CompilerThread0" daemon [_thread_blocked, id=5600, stack(0x00000000191b0000,0x00000000192b0000)]
  0x0000000017b53800 JavaThread "Attach Listener" daemon [_thread_blocked, id=12996, stack(0x00000000190b0000,0x00000000191b0000)]
  0x0000000017b52000 JavaThread "Signal Dispatcher" daemon [_thread_blocked, id=8472, stack(0x0000000018fb0000,0x00000000190b0000)]
  0x0000000017b3a800 JavaThread "Finalizer" daemon [_thread_blocked, id=16524, stack(0x0000000018db0000,0x0000000018eb0000)]
  0x00000000031d4000 JavaThread "Reference Handler" daemon [_thread_blocked, id=16828, stack(0x0000000018cb0000,0x0000000018db0000)]
  0x00000000030e5800 JavaThread "main" [_thread_blocked, id=9756, stack(0x0000000002fe0000,0x00000000030e0000)]

Other Threads:
  0x0000000017b18000 VMThread [stack: 0x0000000018bb0000,0x0000000018cb0000] [id=13968]
  0x0000000017bac000 WatcherThread [stack: 0x00000000199b0000,0x0000000019ab0000] [id=16392]

VM state:not at safepoint (normal execution)

VM Mutex/Monitor currently owned by a thread: None

Heap:
 PSYoungGen      total 68608K, used 6332K [0x00000000d6e00000, 0x00000000db600000, 0x0000000100000000)
  eden space 63488K, 1% used [0x00000000d6e00000,0x00000000d6f365d0,0x00000000dac00000)
  from space 5120K, 99% used [0x00000000db100000,0x00000000db5f8b28,0x00000000db600000)
  to   space 5120K, 0% used [0x00000000dac00000,0x00000000dac00000,0x00000000db100000)
 ParOldGen       total 84992K, used 512K [0x0000000084a00000, 0x0000000089d00000, 0x00000000d6e00000)
  object space 84992K, 0% used [0x0000000084a00000,0x0000000084a80210,0x0000000089d00000)
 Metaspace       used 14472K, capacity 14972K, committed 15104K, reserved 1064960K
  class space    used 1898K, capacity 2034K, committed 2048K, reserved 1048576K

Card table byte_map: [0x00000000125a0000,0x0000000012980000] byte_map_base: 0x000000001217b000

Marking Bits: (ParMarkBitMap*) 0x000000006c1cf860
 Begin Bits: [0x0000000013020000, 0x0000000014ef8000)
 End Bits:   [0x0000000014ef8000, 0x0000000016dd0000)

Polling page: 0x0000000001450000

CodeCache: size=245760Kb used=4205Kb max_used=4205Kb free=241554Kb
 bounds [0x00000000031e0000, 0x0000000003600000, 0x00000000121e0000]
 total_blobs=1610 nmethods=1275 adapters=247
 compilation: enabled

Compilation events (10 events):
Event: 1.969 Thread 0x0000000017b69000 1249       3       java.lang.StringCoding::deref (19 bytes)
Event: 1.969 Thread 0x0000000017b55000 1250       4       java.lang.String::toUpperCase (439 bytes)
Event: 1.970 Thread 0x0000000017b69000 nmethod 1249 0x00000000035f1390 code [0x00000000035f1520, 0x00000000035f19c8]
Event: 1.985 Thread 0x0000000017b55000 nmethod 1250 0x00000000035f40d0 code [0x00000000035f4260, 0x00000000035f4bd8]
Event: 1.985 Thread 0x0000000017b55000 1251       4       java.util.concurrent.ConcurrentHashMap$Node::<init> (26 bytes)
Event: 1.986 Thread 0x0000000017b55000 nmethod 1251 0x00000000035e7650 code [0x00000000035e7780, 0x00000000035e7818]
Event: 2.000 Thread 0x0000000017b69000 1252       3       java.lang.reflect.Constructor::newInstance (87 bytes)
Event: 2.001 Thread 0x0000000017b55000 1253       4       java.nio.DirectLongBufferU::get (16 bytes)
Event: 2.001 Thread 0x0000000017b69000 nmethod 1252 0x00000000035f0810 code [0x00000000035f0a00, 0x00000000035f1128]
Event: 2.002 Thread 0x0000000017b55000 nmethod 1253 0x00000000035f2950 code [0x00000000035f2a80, 0x00000000035f2b18]

GC Heap History (6 events):
Event: 1.032 GC heap before
{Heap before GC invocations=1 (full 0):
 PSYoungGen      total 36864K, used 31729K [0x00000000d6e00000, 0x00000000d9700000, 0x0000000100000000)
  eden space 31744K, 99% used [0x00000000d6e00000,0x00000000d8cfc490,0x00000000d8d00000)
  from space 5120K, 0% used [0x00000000d9200000,0x00000000d9200000,0x00000000d9700000)
  to   space 5120K, 0% used [0x00000000d8d00000,0x00000000d8d00000,0x00000000d9200000)
 ParOldGen       total 84992K, used 0K [0x0000000084a00000, 0x0000000089d00000, 0x00000000d6e00000)
  object space 84992K, 0% used [0x0000000084a00000,0x0000000084a00000,0x0000000089d00000)
 Metaspace       used 7353K, capacity 7496K, committed 7680K, reserved 1056768K
  class space    used 849K, capacity 908K, committed 1024K, reserved 1048576K
Event: 1.036 GC heap after
Heap after GC invocations=1 (full 0):
 PSYoungGen      total 36864K, used 3747K [0x00000000d6e00000, 0x00000000d9700000, 0x0000000100000000)
  eden space 31744K, 0% used [0x00000000d6e00000,0x00000000d6e00000,0x00000000d8d00000)
  from space 5120K, 73% used [0x00000000d8d00000,0x00000000d90a8e48,0x00000000d9200000)
  to   space 5120K, 0% used [0x00000000d9200000,0x00000000d9200000,0x00000000d9700000)
 ParOldGen       total 84992K, used 16K [0x0000000084a00000, 0x0000000089d00000, 0x00000000d6e00000)
  object space 84992K, 0% used [0x0000000084a00000,0x0000000084a04000,0x0000000089d00000)
 Metaspace       used 7353K, capacity 7496K, committed 7680K, reserved 1056768K
  class space    used 849K, capacity 908K, committed 1024K, reserved 1048576K
}
Event: 1.129 GC heap before
{Heap before GC invocations=2 (full 0):
 PSYoungGen      total 36864K, used 35491K [0x00000000d6e00000, 0x00000000d9700000, 0x0000000100000000)
  eden space 31744K, 100% used [0x00000000d6e00000,0x00000000d8d00000,0x00000000d8d00000)
  from space 5120K, 73% used [0x00000000d8d00000,0x00000000d90a8e48,0x00000000d9200000)
  to   space 5120K, 0% used [0x00000000d9200000,0x00000000d9200000,0x00000000d9700000)
 ParOldGen       total 84992K, used 16K [0x0000000084a00000, 0x0000000089d00000, 0x00000000d6e00000)
  object space 84992K, 0% used [0x0000000084a00000,0x0000000084a04000,0x0000000089d00000)
 Metaspace       used 7457K, capacity 7672K, committed 7936K, reserved 1056768K
  class space    used 863K, capacity 944K, committed 1024K, reserved 1048576K
Event: 1.171 GC heap after
Heap after GC invocations=2 (full 0):
 PSYoungGen      total 36864K, used 2741K [0x00000000d6e00000, 0x00000000db600000, 0x0000000100000000)
  eden space 31744K, 0% used [0x00000000d6e00000,0x00000000d6e00000,0x00000000d8d00000)
  from space 5120K, 53% used [0x00000000d9200000,0x00000000d94ad720,0x00000000d9700000)
  to   space 5120K, 0% used [0x00000000d8d00000,0x00000000d8d00000,0x00000000d9200000)
 ParOldGen       total 84992K, used 24K [0x0000000084a00000, 0x0000000089d00000, 0x00000000d6e00000)
  object space 84992K, 0% used [0x0000000084a00000,0x0000000084a06000,0x0000000089d00000)
 Metaspace       used 7457K, capacity 7672K, committed 7936K, reserved 1056768K
  class space    used 863K, capacity 944K, committed 1024K, reserved 1048576K
}
Event: 1.690 GC heap before
{Heap before GC invocations=3 (full 0):
 PSYoungGen      total 36864K, used 34485K [0x00000000d6e00000, 0x00000000db600000, 0x0000000100000000)
  eden space 31744K, 100% used [0x00000000d6e00000,0x00000000d8d00000,0x00000000d8d00000)
  from space 5120K, 53% used [0x00000000d9200000,0x00000000d94ad720,0x00000000d9700000)
  to   space 5120K, 0% used [0x00000000d8d00000,0x00000000d8d00000,0x00000000d9200000)
 ParOldGen       total 84992K, used 24K [0x0000000084a00000, 0x0000000089d00000, 0x00000000d6e00000)
  object space 84992K, 0% used [0x0000000084a00000,0x0000000084a06000,0x0000000089d00000)
 Metaspace       used 11836K, capacity 12272K, committed 12416K, reserved 1060864K
  class space    used 1439K, capacity 1556K, committed 1664K, reserved 1048576K
Event: 1.695 GC heap after
Heap after GC invocations=3 (full 0):
 PSYoungGen      total 36864K, used 4770K [0x00000000d6e00000, 0x00000000db600000, 0x0000000100000000)
  eden space 31744K, 0% used [0x00000000d6e00000,0x00000000d6e00000,0x00000000d8d00000)
  from space 5120K, 93% used [0x00000000d8d00000,0x00000000d91a8980,0x00000000d9200000)
  to   space 5120K, 0% used [0x00000000db100000,0x00000000db100000,0x00000000db600000)
 ParOldGen       total 84992K, used 32K [0x0000000084a00000, 0x0000000089d00000, 0x00000000d6e00000)
  object space 84992K, 0% used [0x0000000084a00000,0x0000000084a08000,0x0000000089d00000)
 Metaspace       used 11836K, capacity 12272K, committed 12416K, reserved 1060864K
  class space    used 1439K, capacity 1556K, committed 1664K, reserved 1048576K
}

Deoptimization events (5 events):
Event: 0.418 Thread 0x00000000030e5800 Uncommon trap: reason=unstable_if action=reinterpret pc=0x00000000032ed1a0 method=java.lang.String.hashCode()I @ 14
Event: 0.999 Thread 0x00000000030e5800 Uncommon trap: reason=range_check action=make_not_entrant pc=0x00000000034716a0 method=sun.reflect.generics.parser.SignatureParser.current()C @ 34
Event: 1.190 Thread 0x000000001a0ee800 Uncommon trap: reason=class_check action=maybe_recompile pc=0x0000000003377790 method=sun.misc.URLClassPath.getLoader(I)Lsun/misc/URLClassPath$Loader; @ 94
Event: 1.333 Thread 0x000000001a0ee800 Uncommon trap: reason=unstable_if action=reinterpret pc=0x00000000033867b0 method=java.lang.String.indexOf([CII[CIII)I @ 3
Event: 1.653 Thread 0x000000001a0ee800 Uncommon trap: reason=unstable_if action=reinterpret pc=0x000000000348b488 method=java.net.URI.match(CJJ)Z @ 19

Classes redefined (0 events):
No events

Internal exceptions (10 events):
Event: 0.997 Thread 0x00000000030e5800 Exception <a 'java/lang/ArrayIndexOutOfBoundsException'> (0x00000000d82489d8) thrown at [C:\re\workspace\8-2-build-windows-amd64-cygwin\jdk8u161\10277\hotspot\src\share\vm\runtime\sharedRuntime.cpp, line 605]
Event: 0.997 Thread 0x00000000030e5800 Exception <a 'java/lang/ArrayIndexOutOfBoundsException'> (0x00000000d824a6d8) thrown at [C:\re\workspace\8-2-build-windows-amd64-cygwin\jdk8u161\10277\hotspot\src\share\vm\runtime\sharedRuntime.cpp, line 605]
Event: 0.998 Thread 0x00000000030e5800 Exception <a 'java/lang/ArrayIndexOutOfBoundsException'> (0x00000000d824ce78) thrown at [C:\re\workspace\8-2-build-windows-amd64-cygwin\jdk8u161\10277\hotspot\src\share\vm\runtime\sharedRuntime.cpp, line 605]
Event: 0.999 Thread 0x00000000030e5800 Exception <a 'java/lang/ArrayIndexOutOfBoundsException'> (0x00000000d825eb28) thrown at [C:\re\workspace\8-2-build-windows-amd64-cygwin\jdk8u161\10277\hotspot\src\share\vm\runtime\sharedRuntime.cpp, line 605]
Event: 0.999 Thread 0x00000000030e5800 Exception <a 'java/lang/ArrayIndexOutOfBoundsException'> (0x00000000d8260478) thrown at [C:\re\workspace\8-2-build-windows-amd64-cygwin\jdk8u161\10277\hotspot\src\share\vm\runtime\sharedRuntime.cpp, line 605]
Event: 1.000 Thread 0x00000000030e5800 Exception <a 'java/lang/ArrayIndexOutOfBoundsException': 179> (0x00000000d8268778) thrown at [C:\re\workspace\8-2-build-windows-amd64-cygwin\jdk8u161\10277\hotspot\src\share\vm\interpreter\interpreterRuntime.cpp, line 366]
Event: 1.000 Thread 0x00000000030e5800 Exception <a 'java/lang/ArrayIndexOutOfBoundsException': 134> (0x00000000d826a308) thrown at [C:\re\workspace\8-2-build-windows-amd64-cygwin\jdk8u161\10277\hotspot\src\share\vm\interpreter\interpreterRuntime.cpp, line 366]
Event: 1.185 Thread 0x000000001a152800 Exception <a 'java/lang/NoSuchMethodError': java.lang.Object.lambda$static$0(Ljava/lang/Throwable;)Lorg/springframework/boot/devtools/restart/FailureHandler$Outcome;> (0x00000000d6eb4b18) thrown at [C:\re\workspace\8-2-build-windows-amd64-cygwin\jdk8u161\
Event: 1.373 Thread 0x000000001a0ee800 Exception <a 'java/io/FileNotFoundException'> (0x00000000d73d61b0) thrown at [C:\re\workspace\8-2-build-windows-amd64-cygwin\jdk8u161\10277\hotspot\src\share\vm\prims\jni.cpp, line 709]
Event: 1.556 Thread 0x000000001a0ee800 Exception <a 'java/lang/NoSuchMethodError': java.lang.Object.lambda$chars$0()Ljava/util/Spliterator$OfInt;> (0x00000000d7f1e950) thrown at [C:\re\workspace\8-2-build-windows-amd64-cygwin\jdk8u161\10277\hotspot\src\share\vm\interpreter\linkResolver.cpp, li

Events (10 events):
Event: 2.011 loading class org/springframework/beans/factory/support/GenericTypeAwareAutowireCandidateResolver
Event: 2.011 loading class org/springframework/beans/factory/support/GenericTypeAwareAutowireCandidateResolver done
Event: 2.012 loading class org/springframework/aop/TargetSource
Event: 2.012 loading class org/springframework/aop/TargetSource done
Event: 2.012 loading class org/springframework/beans/factory/annotation/Value
Event: 2.012 loading class org/springframework/beans/factory/annotation/Value done
Event: 2.012 loading class org/springframework/beans/factory/annotation/Qualifier
Event: 2.012 loading class org/springframework/beans/factory/annotation/Qualifier done
Event: 2.012 loading class javax/inject/Qualifier
Event: 2.013 loading class javax/inject/Qualifier done


Dynamic libraries:
0x00007ff658da0000 - 0x00007ff658dd7000 	C:\Program Files\Java\jdk1.8.0_161\jre\bin\javaw.exe
0x00007ff831be0000 - 0x00007ff831dd0000 	C:\WINDOWS\SYSTEM32\ntdll.dll
0x00007ff82c430000 - 0x00007ff82c444000 	C:\Program Files\AVG\Antivirus\aswhook.dll
0x00007ff830d30000 - 0x00007ff830de2000 	C:\WINDOWS\System32\KERNEL32.DLL
0x00007ff82ee20000 - 0x00007ff82f0c3000 	C:\WINDOWS\System32\KERNELBASE.dll
0x00007ff8316b0000 - 0x00007ff831753000 	C:\WINDOWS\System32\ADVAPI32.dll
0x00007ff8309a0000 - 0x00007ff830a3e000 	C:\WINDOWS\System32\msvcrt.dll
0x00007ff8301b0000 - 0x00007ff830247000 	C:\WINDOWS\System32\sechost.dll
0x00007ff831900000 - 0x00007ff831a20000 	C:\WINDOWS\System32\RPCRT4.dll
0x00007ff831760000 - 0x00007ff8318f4000 	C:\WINDOWS\System32\USER32.dll
0x00007ff82eba0000 - 0x00007ff82ebc1000 	C:\WINDOWS\System32\win32u.dll
0x00007ff831430000 - 0x00007ff831456000 	C:\WINDOWS\System32\GDI32.dll
0x00007ff82f970000 - 0x00007ff82fb04000 	C:\WINDOWS\System32\gdi32full.dll
0x00007ff82f150000 - 0x00007ff82f1ee000 	C:\WINDOWS\System32\msvcp_win.dll
0x00007ff82ed20000 - 0x00007ff82ee1a000 	C:\WINDOWS\System32\ucrtbase.dll
0x00007ff821930000 - 0x00007ff821bb5000 	C:\WINDOWS\WinSxS\amd64_microsoft.windows.common-controls_6595b64144ccf1df_6.0.18362.592_none_e6c0b1911312be02\COMCTL32.dll
0x00007ff830df0000 - 0x00007ff831126000 	C:\WINDOWS\System32\combase.dll
0x00007ff82f0d0000 - 0x00007ff82f150000 	C:\WINDOWS\System32\bcryptPrimitives.dll
0x00007ff830950000 - 0x00007ff83097e000 	C:\WINDOWS\System32\IMM32.DLL
0x000000006c250000 - 0x000000006c322000 	C:\Program Files\Java\jdk1.8.0_161\jre\bin\msvcr100.dll
0x000000006b9b0000 - 0x000000006c24f000 	C:\Program Files\Java\jdk1.8.0_161\jre\bin\server\jvm.dll
0x00007ff8315a0000 - 0x00007ff8315a8000 	C:\WINDOWS\System32\PSAPI.DLL
0x00007ff81dad0000 - 0x00007ff81dad9000 	C:\WINDOWS\SYSTEM32\WSOCK32.dll
0x00007ff831640000 - 0x00007ff8316af000 	C:\WINDOWS\System32\WS2_32.dll
0x00007ff82c200000 - 0x00007ff82c224000 	C:\WINDOWS\SYSTEM32\WINMM.dll
0x00007ff822be0000 - 0x00007ff822bea000 	C:\WINDOWS\SYSTEM32\VERSION.dll
0x00007ff82c1d0000 - 0x00007ff82c1fd000 	C:\WINDOWS\SYSTEM32\WINMMBASE.dll
0x00007ff82fc20000 - 0x00007ff82fc6a000 	C:\WINDOWS\System32\cfgmgr32.dll
0x000000006b9a0000 - 0x000000006b9af000 	C:\Program Files\Java\jdk1.8.0_161\jre\bin\verify.dll
0x000000006b970000 - 0x000000006b999000 	C:\Program Files\Java\jdk1.8.0_161\jre\bin\java.dll
0x000000006b950000 - 0x000000006b966000 	C:\Program Files\Java\jdk1.8.0_161\jre\bin\zip.dll
0x00007ff830250000 - 0x00007ff830935000 	C:\WINDOWS\System32\SHELL32.dll
0x00007ff831af0000 - 0x00007ff831b99000 	C:\WINDOWS\System32\shcore.dll
0x00007ff82f1f0000 - 0x00007ff82f96f000 	C:\WINDOWS\System32\windows.storage.dll
0x00007ff82eae0000 - 0x00007ff82eaff000 	C:\WINDOWS\System32\profapi.dll
0x00007ff82eb00000 - 0x00007ff82eb4a000 	C:\WINDOWS\System32\powrprof.dll
0x00007ff82eab0000 - 0x00007ff82eac0000 	C:\WINDOWS\System32\UMPDC.dll
0x00007ff831270000 - 0x00007ff8312c2000 	C:\WINDOWS\System32\shlwapi.dll
0x00007ff82eac0000 - 0x00007ff82ead1000 	C:\WINDOWS\System32\kernel.appcore.dll
0x00007ff82fc70000 - 0x00007ff82fc87000 	C:\WINDOWS\System32\cryptsp.dll
0x000000006b930000 - 0x000000006b93d000 	C:\Program Files\Java\jdk1.8.0_161\jre\bin\management.dll
0x000000006b910000 - 0x000000006b92a000 	C:\Program Files\Java\jdk1.8.0_161\jre\bin\net.dll
0x00007ff82e320000 - 0x00007ff82e387000 	C:\WINDOWS\system32\mswsock.dll
0x00007ff8101e0000 - 0x00007ff8101f6000 	C:\WINDOWS\system32\napinsp.dll
0x00007ff8101c0000 - 0x00007ff8101da000 	C:\WINDOWS\system32\pnrpnsp.dll
0x00007ff82e070000 - 0x00007ff82e13a000 	C:\WINDOWS\SYSTEM32\DNSAPI.dll
0x00007ff8315b0000 - 0x00007ff8315b8000 	C:\WINDOWS\System32\NSI.dll
0x00007ff82e030000 - 0x00007ff82e06a000 	C:\WINDOWS\SYSTEM32\IPHLPAPI.DLL
0x00007ff8101b0000 - 0x00007ff8101be000 	C:\WINDOWS\System32\winrnr.dll
0x00007ff82b020000 - 0x00007ff82b03c000 	C:\WINDOWS\system32\NLAapi.dll
0x00007ff829aa0000 - 0x00007ff829ab5000 	C:\WINDOWS\system32\wshbth.dll
0x00007ff823540000 - 0x00007ff82354a000 	C:\Windows\System32\rasadhlp.dll
0x00007ff822d00000 - 0x00007ff822d77000 	C:\WINDOWS\System32\fwpuclnt.dll
0x00007ff82eb70000 - 0x00007ff82eb96000 	C:\WINDOWS\System32\bcrypt.dll

VM Arguments:
jvm_args: -Dfile.encoding=UTF-8 
java_command: com.naveen.RestaurantServiceApplication
java_class_path (initial): F:\d\JAVA ZIPS\RESTAURANT-SERVICE\RESTAURANT-SERVICE\target\classes;C:\Users\Naveen\.m2\repository\org\springframework\boot\spring-boot-starter-data-jpa\2.2.5.RELEASE\spring-boot-starter-data-jpa-2.2.5.RELEASE.jar;C:\Users\Naveen\.m2\repository\org\springframework\boot\spring-boot-starter-aop\2.2.5.RELEASE\spring-boot-starter-aop-2.2.5.RELEASE.jar;C:\Users\Naveen\.m2\repository\org\springframework\spring-aop\5.2.4.RELEASE\spring-aop-5.2.4.RELEASE.jar;C:\Users\Naveen\.m2\repository\org\aspectj\aspectjweaver\1.9.5\aspectjweaver-1.9.5.jar;C:\Users\Naveen\.m2\repository\org\springframework\boot\spring-boot-starter-jdbc\2.2.5.RELEASE\spring-boot-starter-jdbc-2.2.5.RELEASE.jar;C:\Users\Naveen\.m2\repository\com\zaxxer\HikariCP\3.4.2\HikariCP-3.4.2.jar;C:\Users\Naveen\.m2\repository\org\springframework\spring-jdbc\5.2.4.RELEASE\spring-jdbc-5.2.4.RELEASE.jar;C:\Users\Naveen\.m2\repository\jakarta\activation\jakarta.activation-api\1.2.2\jakarta.activation-api-1.2.2.jar;C:\Users\Naveen\.m2\repository\jakarta\persistence\jakarta.persistence-api\2.2.3\jakarta.persistence-api-2.2.3.jar;C:\Users\Naveen\.m2\repository\jakarta\transaction\jakarta.transaction-api\1.3.3\jakarta.transaction-api-1.3.3.jar;C:\Users\Naveen\.m2\repository\org\hibernate\hibernate-core\5.4.12.Final\hibernate-core-5.4.12.Final.jar;C:\Users\Naveen\.m2\repository\org\jboss\logging\jboss-logging\3.4.1.Final\jboss-logging-3.4.1.Final.jar;C:\Users\Naveen\.m2\repository\org\javassist\javassist\3.24.0-GA\javassist-3.24.0-GA.jar;C:\Users\Naveen\.m2\repository\net\bytebuddy\byte-buddy\1.10.8\byte-buddy-1.10.8.jar;C:\Users\Naveen\.m2\repository\antlr\antlr\2.7.7\antlr-2.7.7.jar;C:\Users\Naveen\.m2\repository\org\jboss\jandex\2.1.1.Final\jandex-2.1.1.Final.jar;C:\Users\Naveen\.m2\repository\com\fasterxml\classmate\1.5.1\classmate-1.5.1.jar;C:\Users\Naveen\.m2\repository\org\dom4j\dom4j\2.1.1\dom4j-2.1.1.jar;C:\Users\Naveen\.m2\repository\org\hibernate\common\hibernate-commons-annotations\5.
Launcher Type: SUN_STANDARD

Environment Variables:
JAVA_HOME=C:\Program Files\Java\jdk1.8.0_161
PATH=C:/Program Files/Java/jre1.8.0_161/bin/server;C:/Program Files/Java/jre1.8.0_161/bin;C:/Program Files/Java/jre1.8.0_161/lib/amd64;C:\ProgramData\Oracle\Java\javapath;C:\WINDOWS\system32;C:\WINDOWS;C:\WINDOWS\System32\Wbem;C:\WINDOWS\System32\WindowsPowerShell\v1.0\;D:\JAVA SOFTWARES\apache-maven-3.5.3\bin;C:\Program Files\Java\jdk1.8.0_161\bin;D:\JAVA SOFTWARES\mysql-5.7.21-winx64\mysql-5.7.21-winx64\bin;C:\WINDOWS\System32\OpenSSH\;C:\Program Files\Git\cmd;C:\Users\Naveen\AppData\Local\Microsoft\WindowsApps;;C:\Users\Naveen\Desktop;
USERNAME=Naveen
OS=Windows_NT
PROCESSOR_IDENTIFIER=Intel64 Family 6 Model 78 Stepping 3, GenuineIntel



---------------  S Y S T E M  ---------------

OS: Windows 10.0 , 64 bit Build 18362 (10.0.18362.329)

CPU:total 4 (initial active 4) (2 cores per cpu, 2 threads per core) family 6 model 78 stepping 3, cmov, cx8, fxsr, mmx, sse, sse2, sse3, ssse3, sse4.1, sse4.2, popcnt, avx, avx2, aes, clmul, erms, 3dnowpref, lzcnt, ht, tsc, tscinvbit, bmi1, bmi2, adx

Memory: 4k page, physical 8080920k(470888k free), swap 33246744k(13112k free)

vm_info: Java HotSpot(TM) 64-Bit Server VM (25.161-b12) for windows-amd64 JRE (1.8.0_161-b12), built on Dec 19 2017 17:52:25 by "java_re" with MS VC++ 10.0 (VS2010)

time: Sat Mar 07 13:30:52 2020
elapsed time: 2 seconds (0d 0h 0m 2s)

